MPASM 5.77                           EX4.ASM   8-13-2019  21:41:41         PAGE  1


LOC  OBJECT CODE     LINE SOURCE TEXT
  VALUE

                      00001 ;* * * * * * * * * * * * * * * * * * * * * * * * * * * * * * * * * *
                      00002 ;*                    CONTADOR MELHORADO - EX4                     *
                      00003 ;*                       DESBRAVANDO O PIC                         *
                      00004 ;*       DESENVOLVIDO PELA MOSAICO ENGENHARIA E CONSULTORIA        *
                      00005 ;*      VERSÃO: 1.0                             DATA: 30/10/01     *
                      00006 ;* * * * * * * * * * * * * * * * * * * * * * * * * * * * * * * * * *
                      00007 ;*                      DESCRIÇÃO DO ARQUIVO                       *
                      00008 ;*-----------------------------------------------------------------*
                      00009 ;*  CONTADOR QUE UTILIZA DOIS BOTÕES PARA INCREMENTAR E DECRE-     *
                      00010 ;*  MENTAR O VALOR CONTROLADO PELA VARIÁVEL "CONTADOR". ESTA       *
                      00011 ;*  VARIÁVEL ESTÁ LIMITADA PELAS CONSTANTES "MIN" E "MAX".         *
                      00012 ;*  O VALOR DO CONTADOR É MOSTRADO NO DISPLAY.                     *
                      00013 ;* * * * * * * * * * * * * * * * * * * * * * * * * * * * * * * * * *
                      00014 
                      00015 ;* * * * * * * * * * * * * * * * * * * * * * * * * * * * * * * * * *
                      00016 ;*                     ARQUIVOS DE DEFINIÇÕES                      *
                      00017 ;* * * * * * * * * * * * * * * * * * * * * * * * * * * * * * * * * *
                      00018 
                      00019 #INCLUDE <P16F628A.INC>         ;ARQUIVO PADRÃO MICROCHIP PARA 16F628A
                      00001         LIST
                      00002 
                      00003 ;==========================================================================
                      00004 ; Build date : Nov 22 2017
                      00005 ;  MPASM PIC16F628A processor include
                      00006 ; 
                      00007 ;  (c) Copyright 1999-2017 Microchip Technology, All rights reserved
                      00008 ;==========================================================================
                      00009 
                      00386         LIST
2007   3F61           00020         __CONFIG  _BODEN_ON & _CP_OFF & _PWRTE_ON & _WDT_OFF & _LVP_OFF & _MCLRE_ON & _XT_OSC
                      00021 
                      00022 ;* * * * * * * * * * * * * * * * * * * * * * * * * * * * * * * * * *
                      00023 ;*                    PAGINAÇÃO DE MEMÓRIA                         *
                      00024 ;* * * * * * * * * * * * * * * * * * * * * * * * * * * * * * * * * *
                      00025 ;DEFINIÇÃO DE COMANDOS DE USUÁRIO PARA ALTERAÇÃO DA PÁGINA DE MEMÓRIA
                      00026 
                      00027 #DEFINE BANK0   BCF STATUS,RP0  ;SETA BANK 0 DE MEMÓRIA
                      00028 #DEFINE BANK1   BSF STATUS,RP0  ;SETA BANK 1 DE MAMÓRIA
                      00029 
                      00030 ;* * * * * * * * * * * * * * * * * * * * * * * * * * * * * * * * * *
                      00031 ;*                         VARIÁVEIS                               *
                      00032 ;* * * * * * * * * * * * * * * * * * * * * * * * * * * * * * * * * *
                      00033 ; DEFINIÇÃO DOS NOMES E ENDEREÇOS DE TODAS AS VARIÁVEIS UTILIZADAS 
                      00034 ; PELO SISTEMA
                      00035 
                      00036         CBLOCK  0x20            ;ENDEREÇO INICIAL DA MEMÓRIA DE
                      00037                                 ;USUÁRIO
                      00038 
  00000020            00039                 W_TEMP          ;REGISTRADORES TEMPORÁRIOS PARA
  00000021            00040                 STATUS_TEMP     ;INTERRUPÇÕES
                      00041                                 ;ESTAS VARIÁVEIS NEM SERÃO UTI-
                      00042                                 ;LIZADAS
  00000022            00043                 CONTADOR        ;ARMAZENA O VALOR DA CONTAGEM
MPASM 5.77                           EX4.ASM   8-13-2019  21:41:41         PAGE  2


LOC  OBJECT CODE     LINE SOURCE TEXT
  VALUE

  00000023            00044                 FLAGS           ;ARMAZENA OS FLAGS DE CONTROLE
  00000024            00045                 FILTRO1         ;FILTRAGEM PARA O BOTÃO 1
  00000025            00046                 FILTRO2         ;FILTRAGEM PARA O BOTÃO 2
                      00047 
                      00048         ENDC                    ;FIM DO BLOCO DE MEMÓRIA                
                      00049 
                      00050 ;* * * * * * * * * * * * * * * * * * * * * * * * * * * * * * * * * *
                      00051 ;*                        FLAGS INTERNOS                           *
                      00052 ;* * * * * * * * * * * * * * * * * * * * * * * * * * * * * * * * * *
                      00053 ; DEFINIÇÃO DE TODOS OS FLAGS UTILIZADOS PELO SISTEMA
                      00054 
                      00055 #DEFINE ST_BT1  FLAGS,0         ;STATUS DO BOTÃO 1
                      00056 #DEFINE ST_BT2  FLAGS,1         ;STATUS DO BOTÃO 2
                      00057 
                      00058 ;* * * * * * * * * * * * * * * * * * * * * * * * * * * * * * * * * *
                      00059 ;*                         CONSTANTES                              *
                      00060 ;* * * * * * * * * * * * * * * * * * * * * * * * * * * * * * * * * *
                      00061 ; DEFINIÇÃO DE TODAS AS CONSTANTES UTILIZADAS PELO SISTEMA
                      00062 
  00000000            00063 MIN             EQU     .0      ;VALOR MÍNIMO PARA O CONTADOR
  0000000F            00064 MAX             EQU     .15     ;VALOR MÁXIMO PARA O CONTADOR
  000000FF            00065 T_FILTRO        EQU     .255    ;FILTRO PARA BOTÃO
                      00066         
                      00067 ;* * * * * * * * * * * * * * * * * * * * * * * * * * * * * * * * * *
                      00068 ;*                           ENTRADAS                              *
                      00069 ;* * * * * * * * * * * * * * * * * * * * * * * * * * * * * * * * * *
                      00070 ; DEFINIÇÃO DE TODOS OS PINOS QUE SERÃO UTILIZADOS COMO ENTRADA
                      00071 ; RECOMENDAMOS TAMBÉM COMENTAR O SIGNIFICADO DE SEUS ESTADOS (0 E 1)
                      00072 
                      00073 #DEFINE BOTAO1  PORTA,1 ;PORTA DO BOTÃO
                      00074                         ; 0 -> PRESSIONADO
                      00075                         ; 1 -> LIBERADO
                      00076 
                      00077 #DEFINE BOTAO2  PORTA,2 ;PORTA DO BOTÃO
                      00078                         ; 0 -> PRESSIONADO
                      00079                         ; 1 -> LIBERADO
                      00080 
                      00081 ;* * * * * * * * * * * * * * * * * * * * * * * * * * * * * * * * * *
                      00082 ;*                           SAÍDAS                                *
                      00083 ;* * * * * * * * * * * * * * * * * * * * * * * * * * * * * * * * * *
                      00084 ; DEFINIÇÃO DE TODOS OS PINOS QUE SERÃO UTILIZADOS COMO SAÍDA
                      00085 ; RECOMENDAMOS TAMBÉM COMENTAR O SIGNIFICADO DE SEUS ESTADOS (0 E 1)
                      00086 
                      00087 
                      00088 ;* * * * * * * * * * * * * * * * * * * * * * * * * * * * * * * * * *
                      00089 ;*                       VETOR DE RESET                            *
                      00090 ;* * * * * * * * * * * * * * * * * * * * * * * * * * * * * * * * * *
                      00091 
                      00092         ORG     0x00    ;ENDEREÇO INICIAL DE PROCESSAMENTO
0000   2???           00093         GOTO    INICIO
                      00094         
                      00095 ;* * * * * * * * * * * * * * * * * * * * * * * * * * * * * * * * * *
                      00096 ;*                    INÍCIO DA INTERRUPÇÃO                        *
MPASM 5.77                           EX4.ASM   8-13-2019  21:41:41         PAGE  3


LOC  OBJECT CODE     LINE SOURCE TEXT
  VALUE

                      00097 ;* * * * * * * * * * * * * * * * * * * * * * * * * * * * * * * * * *
                      00098 ; AS INTERRUPÇÕES NÃO SERÃO UTILIZADAS, POR ISSO PODEMOS SUBSTITUIR
                      00099 ; TODO O SISTEMA EXISTENTE NO ARQUIVO MODELO PELO APRESENTADO ABAIXO
                      00100 ; ESTE SISTEMA NÃO É OBRIGATÓRIO, MAS PODE EVITAR PROBLEMAS FUTUROS
                      00101 
                      00102         ORG     0x04            ;ENDEREÇO INICIAL DA INTERRUPÇÃO
0004   0009           00103         RETFIE                  ;RETORNA DA INTERRUPÇÃO
                      00104 
                      00105 ;* * * * * * * * * * * * * * * * * * * * * * * * * * * * * * * * * *
                      00106 ;*                 ROTINA DE CONVERSÃO BINÁRIO -> DISPLAY          *
                      00107 ;* * * * * * * * * * * * * * * * * * * * * * * * * * * * * * * * * *
                      00108 ; ESTA ROTINA IRÁ RETORNAR EM W, O SIMBOLO CORRETO QUE DEVE SER
                      00109 ; MOSTRADO NO DISPLAY PARA CADA VALOR DE CONTADOR. O RETORNO JÁ ESTÁ
                      00110 ; FORMATADO PARA AS CONDIÇÕES DE LIGAÇÃO DO DISPLAY AO PORTB.
                      00111 ;          a
                      00112 ;     **********
                      00113 ;     *        *
                      00114 ;   f *        * b
                      00115 ;     *    g   *
                      00116 ;     **********
                      00117 ;     *        *
                      00118 ;   e *        * c
                      00119 ;     *    d   *
                      00120 ;     **********  *.
                      00121 
0005                  00122 CONVERTE
0005   0822           00123         MOVF    CONTADOR,W      ;COLOCA CONTADOR EM W
0006   390F           00124         ANDLW   B'00001111'     ;MASCARA VALOR DE CONTADOR
                      00125                                 ;CONSIDERAR SOMENTE ATÉ 15
0007   0782           00126         ADDWF   PCL,F
                      00127 
                      00128 ;               B'EDC.BAFG'     ; POSIÇÃO CORRETA DOS SEGUIMENTOS
0008   34EE           00129         RETLW   B'11101110'     ; 00 - RETORNA SÍMBOLO CORRETO 0
0009   3428           00130         RETLW   B'00101000'     ; 01 - RETORNA SÍMBOLO CORRETO 1
000A   34CD           00131         RETLW   B'11001101'     ; 02 - RETORNA SÍMBOLO CORRETO 2
000B   346D           00132         RETLW   B'01101101'     ; 03 - RETORNA SÍMBOLO CORRETO 3
000C   342B           00133         RETLW   B'00101011'     ; 04 - RETORNA SÍMBOLO CORRETO 4        
000D   3467           00134         RETLW   B'01100111'     ; 05 - RETORNA SÍMBOLO CORRETO 5        
000E   34E7           00135         RETLW   B'11100111'     ; 06 - RETORNA SÍMBOLO CORRETO 6        
000F   342C           00136         RETLW   B'00101100'     ; 07 - RETORNA SÍMBOLO CORRETO 7        
0010   34EF           00137         RETLW   B'11101111'     ; 08 - RETORNA SÍMBOLO CORRETO 8        
0011   346F           00138         RETLW   B'01101111'     ; 09 - RETORNA SÍMBOLO CORRETO 9        
0012   34AF           00139         RETLW   B'10101111'     ; 10 - RETORNA SÍMBOLO CORRETO A        
0013   34E3           00140         RETLW   B'11100011'     ; 11 - RETORNA SÍMBOLO CORRETO b        
0014   34C6           00141         RETLW   B'11000110'     ; 12 - RETORNA SÍMBOLO CORRETO C        
0015   34E9           00142         RETLW   B'11101001'     ; 13 - RETORNA SÍMBOLO CORRETO d        
0016   34C7           00143         RETLW   B'11000111'     ; 14 - RETORNA SÍMBOLO CORRETO E        
0017   3487           00144         RETLW   B'10000111'     ; 15 - RETORNA SÍMBOLO CORRETO F        
                      00145 
                      00146 ;* * * * * * * * * * * * * * * * * * * * * * * * * * * * * * * * * *
                      00147 ;*                     INICIO DO PROGRAMA                          *
                      00148 ;* * * * * * * * * * * * * * * * * * * * * * * * * * * * * * * * * *
                      00149         
MPASM 5.77                           EX4.ASM   8-13-2019  21:41:41         PAGE  4


LOC  OBJECT CODE     LINE SOURCE TEXT
  VALUE

0018                  00150 INICIO
0018   1283           00151         BANK0                   ;ALTERA PARA O BANCO 0
0019   3007           00152         MOVLW   B'00000111'
001A   009F           00153         MOVWF   CMCON           ;DEFINE O MODO DE OPERAÇÃO DO COMPARADOR ANALÓGICO
                      00154 
001B   1683           00155         BANK1                   ;ALTERA PARA O BANCO 1
001C   3006           00156         MOVLW   B'00000110'
Message[302]: Register in operand not in bank 0.  Ensure that bank bits are correct.
001D   0085           00157         MOVWF   TRISA           ;DEFINE RA1 E 2 COMO ENTRADA E DEMAIS
                      00158                                 ;COMO SAÍDAS
001E   3000           00159         MOVLW   B'00000000'
Message[302]: Register in operand not in bank 0.  Ensure that bank bits are correct.
001F   0086           00160         MOVWF   TRISB           ;DEFINE TODO O PORTB COMO SAÍDA
0020   3080           00161         MOVLW   B'10000000'
Message[302]: Register in operand not in bank 0.  Ensure that bank bits are correct.
0021   0081           00162         MOVWF   OPTION_REG      ;PRESCALER 1:2 NO TMR0
                      00163                                 ;PULL-UPS DESABILITADOS
                      00164                                 ;AS DEMAIS CONFG. SÃO IRRELEVANTES
0022   3000           00165         MOVLW   B'00000000'
0023   008B           00166         MOVWF   INTCON          ;TODAS AS INTERRUPÇÕES DESLIGADAS
0024   1283           00167         BANK0                   ;RETORNA PARA O BANCO 0
                      00168 
                      00169 ;* * * * * * * * * * * * * * * * * * * * * * * * * * * * * * * * * *
                      00170 ;*                     INICIALIZAÇÃO DAS VARIÁVEIS                 *
                      00171 ;* * * * * * * * * * * * * * * * * * * * * * * * * * * * * * * * * *
                      00172 
0025   0185           00173         CLRF    PORTA           ;LIMPA O PORTA
0026   0186           00174         CLRF    PORTB           ;LIMPA O PORTB
0027   01A3           00175         CLRF    FLAGS           ;LIMPA TODOS OS FLAGS
0028   3000           00176         MOVLW   MIN
0029   00A2           00177         MOVWF   CONTADOR        ;INICIA CONTADOR = MIN
002A   2???           00178         GOTO    ATUALIZA        ;ATUALIZA O DISPLAY INICIALMENTE
                      00179 
                      00180 ;* * * * * * * * * * * * * * * * * * * * * * * * * * * * * * * * * *
                      00181 ;*                     ROTINA PRINCIPAL                            *
                      00182 ;* * * * * * * * * * * * * * * * * * * * * * * * * * * * * * * * * *
002B                  00183 MAIN
002B   30FF           00184         MOVLW   T_FILTRO
002C   00A4           00185         MOVWF   FILTRO1         ;INICIALIZA FILTRO1 = T_FILTRO
002D   00A5           00186         MOVWF   FILTRO2         ;INICIALIZA FILTRO2 = T_FILTRO
                      00187 
002E                  00188 CHECA_BT1
002E   1885           00189         BTFSC   BOTAO1          ;O BOTÃO 1 ESTÁ PRESSIONADO?
002F   2???           00190         GOTO    BT1_LIB         ;NÃO, ENTÃO TRATA COMO LIBERADO
                      00191                                 ;SIM
0030   0BA4           00192         DECFSZ  FILTRO1,F       ;DECREMENTA O FILTRO DO BOTÃO
                      00193                                 ;TERMINOU?
0031   2???           00194         GOTO    CHECA_BT1       ;NÃO, CONTINUA ESPERANDO
                      00195                                 ;SIM
0032   1C23           00196         BTFSS   ST_BT1          ;BOTÃO JÁ ESTAVA PRESSIONADO?
0033   2???           00197         GOTO    DEC             ;NÃO, EXECUTA AÇÃO DO BOTÃO
0034   2???           00198         GOTO    CHECA_BT2       ;SIM, CHECA BOTÃO 2
                      00199 
MPASM 5.77                           EX4.ASM   8-13-2019  21:41:41         PAGE  5


LOC  OBJECT CODE     LINE SOURCE TEXT
  VALUE

0035                  00200 BT1_LIB
0035   1023           00201         BCF     ST_BT1          ;MARCA BOTÃO 1 COMO LIBERADO
                      00202 
0036                  00203 CHECA_BT2
0036   1905           00204         BTFSC   BOTAO2          ;O BOTÃO 2 ESTÁ PRESSIONADO?
0037   2???           00205         GOTO    BT2_LIB         ;NÃO, ENTÃO TRATA COMO LIBERADO
                      00206                                 ;SIM
0038   0BA5           00207         DECFSZ  FILTRO2,F       ;DECREMENTA O FILTRO DO BOTÃO
                      00208                                 ;TERMINOU?
0039   2???           00209         GOTO    CHECA_BT2       ;NÃO, CONTINUA ESPERANDO
                      00210                                 ;SIM
003A   1CA3           00211         BTFSS   ST_BT2          ;BOTÃO JÁ ESTAVA PRESSIONADO?
003B   2???           00212         GOTO    INC             ;NÃO, EXECUTA AÇÃO DO BOTÃO
003C   2???           00213         GOTO    MAIN            ;SIM, VOLTA AO LOOPING
                      00214 
003D                  00215 BT2_LIB
003D   10A3           00216         BCF     ST_BT2          ;MARCA BOTÃO 2 COMO LIBERADO
003E   2???           00217         GOTO    MAIN            ;RETORNA AO LOOPING
                      00218 
003F                  00219 DEC                             ;AÇÃO DE DECREMENTAR
003F   1423           00220         BSF     ST_BT1          ;MARCA BOTÃO 1 COMO JÁ PRESSIONADO
0040   0822           00221         MOVF    CONTADOR,W      ;COLOCA CONTADOR EM W
0041   3A00           00222         XORLW   MIN             ;APLICA XOR ENTRE CONTADOR E MIN
                      00223                                 ;PARA TESTAR IGUALDADE. SE FOREM
                      00224                                 ;IGUAIS, O RESULTADO SERÁ ZERO
0042   1903           00225         BTFSC   STATUS,Z        ;RESULTOU EM ZERO?
0043   2???           00226         GOTO    MAIN            ;SIM, RETORNA SEM AFETAR CONT.
                      00227                                 ;NÃO
0044   03A2           00228         DECF    CONTADOR,F      ;DECREMENTA O CONTADOR
0045   2???           00229         GOTO    ATUALIZA        ;ATUALIZA O DISPLAY
                      00230 
0046                  00231 INC                             ;AÇÃO DE INCREMENTAR
0046   14A3           00232         BSF     ST_BT2          ;MARCA BOTÃO 2 COMO JÁ PRESSIONADO
0047   0822           00233         MOVF    CONTADOR,W      ;COLOCA CONTADOR EM W
0048   3A0F           00234         XORLW   MAX             ;APLICA XOR ENTRE CONTADOR E MAX
                      00235                                 ;PARA TESTAR IGUALDADE. SE FOREM
                      00236                                 ;IGUAIS, O RESULTADO SERÁ ZERO
0049   1903           00237         BTFSC   STATUS,Z        ;RESULTOU EM ZERO?
004A   2???           00238         GOTO    MAIN            ;SIM, RETORNA SEM AFETAR CONT.
                      00239                                 ;NÃO
004B   0AA2           00240         INCF    CONTADOR,F      ;INCREMENTA O CONTADOR
004C   2???           00241         GOTO    ATUALIZA        ;ATUALIZA O DISPLAY
                      00242 
004D                  00243 ATUALIZA
004D   2???           00244         CALL    CONVERTE        ;CONVERTE CONTADOR NO NÚMERO DO
                      00245                                 ;DISPLAY
004E   0086           00246         MOVWF   PORTB           ;ATUALIZA O PORTB PARA
                      00247                                 ;VISUALIZARMOS O VALOR DE CONTADOR
                      00248                                 ;NO DISPLAY
004F   2???           00249         GOTO    MAIN            ;NÃO, VOLTA AO LOOP PRINCIPAL
                      00250 
                      00251 ;* * * * * * * * * * * * * * * * * * * * * * * * * * * * * * * * * *
                      00252 ;*                       FIM DO PROGRAMA                           *
MPASM 5.77                           EX4.ASM   8-13-2019  21:41:41         PAGE  6


LOC  OBJECT CODE     LINE SOURCE TEXT
  VALUE

                      00253 ;* * * * * * * * * * * * * * * * * * * * * * * * * * * * * * * * * *
                      00254 
3F61                  00255         END                     ;OBRIGATÓRIO
MPASM 5.77                           EX4.ASM   8-13-2019  21:41:41         PAGE  7


SYMBOL TABLE
  LABEL                             VALUE 

ADDEN                             00000003
ADEN                              00000003
ATUALIZA                          0000004D
BANK0                             BCF STATUS,RP0
BANK1                             BSF STATUS,RP0
BOTAO1                            PORTA,1
BOTAO2                            PORTA,2
BRGH                              00000002
BT1_LIB                           00000035
BT2_LIB                           0000003D
C                                 00000000
C1INV                             00000004
C1OUT                             00000006
C2INV                             00000005
C2OUT                             00000007
CCP1CON                           00000017
CCP1IE                            00000002
CCP1IF                            00000002
CCP1M0                            00000000
CCP1M1                            00000001
CCP1M2                            00000002
CCP1M3                            00000003
CCP1X                             00000005
CCP1Y                             00000004
CCPR1                             00000015
CCPR1H                            00000016
CCPR1L                            00000015
CHECA_BT1                         0000002E
CHECA_BT2                         00000036
CIS                               00000003
CM0                               00000000
CM1                               00000001
CM2                               00000002
CMCON                             0000001F
CMIE                              00000006
CMIF                              00000006
CONTADOR                          00000022
CONVERTE                          00000005
CREN                              00000004
CSRC                              00000007
DATA_CP_OFF                       00003FFF
DATA_CP_ON                        00003EFF
DC                                00000001
DEC                               0000003F
EEADR                             0000009B
EECON1                            0000009C
EECON2                            0000009D
EEDATA                            0000009A
EEIE                              00000007
EEIF                              00000007
F                                 00000001
FERR                              00000002
FILTRO1                           00000024
MPASM 5.77                           EX4.ASM   8-13-2019  21:41:41         PAGE  8


SYMBOL TABLE
  LABEL                             VALUE 

FILTRO2                           00000025
FLAGS                             00000023
FSR                               00000004
GIE                               00000007
INC                               00000046
INDF                              00000000
INICIO                            00000018
INTCON                            0000000B
INTE                              00000004
INTEDG                            00000006
INTF                              00000001
IRP                               00000007
MAIN                              0000002B
MAX                               0000000F
MIN                               00000000
NOT_BO                            00000000
NOT_BOD                           00000000
NOT_BOR                           00000000
NOT_PD                            00000003
NOT_POR                           00000001
NOT_RBPU                          00000007
NOT_T1SYNC                        00000002
NOT_TO                            00000004
OERR                              00000001
OPTION_REG                        00000081
OSCF                              00000003
PCL                               00000002
PCLATH                            0000000A
PCON                              0000008E
PEIE                              00000006
PIE1                              0000008C
PIR1                              0000000C
PORTA                             00000005
PORTB                             00000006
PR2                               00000092
PS0                               00000000
PS1                               00000001
PS2                               00000002
PSA                               00000003
RA0                               00000000
RA1                               00000001
RA2                               00000002
RA3                               00000003
RA4                               00000004
RA5                               00000005
RA6                               00000006
RA7                               00000007
RB0                               00000000
RB1                               00000001
RB2                               00000002
RB3                               00000003
RB4                               00000004
RB5                               00000005
MPASM 5.77                           EX4.ASM   8-13-2019  21:41:41         PAGE  9


SYMBOL TABLE
  LABEL                             VALUE 

RB6                               00000006
RB7                               00000007
RBIE                              00000003
RBIF                              00000000
RCIE                              00000005
RCIF                              00000005
RCREG                             0000001A
RCSTA                             00000018
RD                                00000000
RP0                               00000005
RP1                               00000006
RX9                               00000006
RX9D                              00000000
SPBRG                             00000099
SPEN                              00000007
SREN                              00000005
STATUS                            00000003
STATUS_TEMP                       00000021
ST_BT1                            FLAGS,0
ST_BT2                            FLAGS,1
SYNC                              00000004
T0CS                              00000005
T0IE                              00000005
T0IF                              00000002
T0SE                              00000004
T1CKPS0                           00000004
T1CKPS1                           00000005
T1CON                             00000010
T1OSCEN                           00000003
T2CKPS0                           00000000
T2CKPS1                           00000001
T2CON                             00000012
TMR0                              00000001
TMR0IE                            00000005
TMR0IF                            00000002
TMR1                              0000000E
TMR1CS                            00000001
TMR1H                             0000000F
TMR1IE                            00000000
TMR1IF                            00000000
TMR1L                             0000000E
TMR1ON                            00000000
TMR2                              00000011
TMR2IE                            00000001
TMR2IF                            00000001
TMR2ON                            00000002
TOUTPS0                           00000003
TOUTPS1                           00000004
TOUTPS2                           00000005
TOUTPS3                           00000006
TRISA                             00000085
TRISA0                            00000000
TRISA1                            00000001
MPASM 5.77                           EX4.ASM   8-13-2019  21:41:41         PAGE 10


SYMBOL TABLE
  LABEL                             VALUE 

TRISA2                            00000002
TRISA3                            00000003
TRISA4                            00000004
TRISA5                            00000005
TRISA6                            00000006
TRISA7                            00000007
TRISB                             00000086
TRISB0                            00000000
TRISB1                            00000001
TRISB2                            00000002
TRISB3                            00000003
TRISB4                            00000004
TRISB5                            00000005
TRISB6                            00000006
TRISB7                            00000007
TRMT                              00000001
TX9                               00000006
TX9D                              00000000
TXEN                              00000005
TXIE                              00000004
TXIF                              00000004
TXREG                             00000019
TXSTA                             00000098
T_FILTRO                          000000FF
VR0                               00000000
VR1                               00000001
VR2                               00000002
VR3                               00000003
VRCON                             0000009F
VREN                              00000007
VROE                              00000006
VRR                               00000005
W                                 00000000
WR                                00000001
WREN                              00000002
WRERR                             00000003
W_TEMP                            00000020
Z                                 00000002
_BODEN_OFF                        00003FBF
_BODEN_ON                         00003FFF
_BOREN_OFF                        00003FBF
_BOREN_ON                         00003FFF
_CONFIG                           00002007
_CPD_OFF                          00003FFF
_CPD_ON                           00003EFF
_CP_OFF                           00003FFF
_CP_ON                            00001FFF
_DEVID1                           00002006
_ER_OSC_CLKOUT                    00003FFF
_ER_OSC_NOCLKOUT                  00003FFE
_EXTCLK_OSC                       00003FEF
_FOSC_ECIO                        00003FEF
_FOSC_EXTRCCLK                    00003FFF
MPASM 5.77                           EX4.ASM   8-13-2019  21:41:41         PAGE 11


SYMBOL TABLE
  LABEL                             VALUE 

_FOSC_EXTRCIO                     00003FFE
_FOSC_HS                          00003FEE
_FOSC_INTOSCCLK                   00003FFD
_FOSC_INTOSCIO                    00003FFC
_FOSC_LP                          00003FEC
_FOSC_XT                          00003FED
_HS_OSC                           00003FEE
_IDLOC0                           00002000
_IDLOC1                           00002001
_IDLOC2                           00002002
_IDLOC3                           00002003
_INTOSC_OSC_CLKOUT                00003FFD
_INTOSC_OSC_NOCLKOUT              00003FFC
_INTRC_OSC_CLKOUT                 00003FFD
_INTRC_OSC_NOCLKOUT               00003FFC
_LP_OSC                           00003FEC
_LVP_OFF                          00003F7F
_LVP_ON                           00003FFF
_MCLRE_OFF                        00003FDF
_MCLRE_ON                         00003FFF
_PWRTE_OFF                        00003FFF
_PWRTE_ON                         00003FF7
_RC_OSC_CLKOUT                    00003FFF
_RC_OSC_NOCLKOUT                  00003FFE
_WDTE_OFF                         00003FFB
_WDTE_ON                          00003FFF
_WDT_OFF                          00003FFB
_WDT_ON                           00003FFF
_XT_OSC                           00003FED
__16F628A                         00000001

Errors   :     0
Warnings :     0 reported,     0 suppressed
Messages :     3 reported,     0 suppressed

